<?xml version="1.0" encoding="UTF-8"?>
<!-- Generated by org.testng.reporters.JUnitReportReporter -->
<testsuite hostname="DESKTOP-U787I06" failures="0" tests="1" name="api.create" time="0.000" errors="0" timestamp="2021-04-14T22:02:43 IST" skipped="1">
  <testcase classname="api.create" name="createUser" time="0.000">
    <skipped/>
  </testcase> <!-- createUser -->
  <system-out/>
</testsuite> <!-- api.create -->
