<?xml version="1.0" encoding="UTF-8"?>
<!-- Generated by org.testng.reporters.JUnitReportReporter -->
<testsuite hostname="DESKTOP-U787I06" failures="0" tests="1" name="api.restapi" time="4.913" errors="0" timestamp="2021-05-11T12:41:12 IST" skipped="0">
  <testcase classname="api.restapi" name="restass" time="4.913"/>
  <system-out/>
</testsuite> <!-- api.restapi -->
