<?xml version="1.0" encoding="UTF-8"?>
<!-- Generated by org.testng.reporters.JUnitReportReporter -->
<testsuite hostname="DESKTOP-U787I06" failures="0" tests="3" name="api.restAssured" time="4.918" errors="0" timestamp="2021-04-20T16:26:50 IST" skipped="0">
  <testcase classname="api.restAssured" name="Apitest" time="1.089"/>
  <system-out/>
  <testcase classname="api.restAssured" name="Apitest" time="0.976"/>
  <system-out/>
  <testcase classname="api.restAssured" name="Apitest" time="2.853"/>
  <system-out/>
</testsuite> <!-- api.restAssured -->
