<?xml version="1.0" encoding="UTF-8"?>
<!-- Generated by org.testng.reporters.JUnitReportReporter -->
<testsuite skipped="0" hostname="DESKTOP-U787I06" name="FormFill.Academy.FormFillTest" tests="2" failures="0" timestamp="2021-05-29T16:52:51 IST" time="3.496" errors="0">
  <testcase name="testing" time="2.197" classname="FormFill.Academy.FormFillTest"/>
  <system-out/>
  <testcase name="testing" time="1.299" classname="FormFill.Academy.FormFillTest"/>
  <system-out/>
</testsuite> <!-- FormFill.Academy.FormFillTest -->
