<?xml version="1.0" encoding="UTF-8"?>
<!-- Generated by org.testng.reporters.JUnitReportReporter -->
<testsuite hostname="DESKTOP-U787I06" failures="0" tests="2" name="FormFill.Academy.FormFillTest" time="3.388" errors="0" timestamp="2021-05-29T16:51:29 IST" skipped="0">
  <testcase classname="FormFill.Academy.FormFillTest" name="testing" time="1.162"/>
  <system-out/>
  <testcase classname="FormFill.Academy.FormFillTest" name="testing" time="2.226"/>
  <system-out/>
</testsuite> <!-- FormFill.Academy.FormFillTest -->
