<?xml version="1.0" encoding="UTF-8"?>
<!-- Generated by org.testng.reporters.JUnitReportReporter -->
<testsuite hostname="DESKTOP-U787I06" failures="0" tests="1" name="Test.Day3" time="0.004" errors="0" timestamp="2021-04-09T23:12:12 IST" skipped="0">
  <testcase classname="Test.Day3" name="accessvijay" time="0.004"/>
  <system-out/>
</testsuite> <!-- Test.Day3 -->
