<?xml version="1.0" encoding="UTF-8"?>
<!-- Generated by org.testng.reporters.JUnitReportReporter -->
<testsuite hostname="DESKTOP-U787I06" failures="0" tests="1" name="Test.Day2" time="0.002" errors="0" timestamp="2021-04-09T23:12:12 IST" skipped="0">
  <testcase classname="Test.Day2" name="testccc" time="0.002"/>
  <system-out/>
</testsuite> <!-- Test.Day2 -->
