<?xml version="1.0" encoding="UTF-8"?>
<!-- Generated by org.testng.reporters.JUnitReportReporter -->
<testsuite hostname="DESKTOP-U787I06" failures="0" tests="5" name="Test.Day1" time="0.032" errors="0" timestamp="2021-04-09T23:12:12 IST" skipped="0">
  <testcase classname="Test.Day1" name="Datareq" time="0.003"/>
  <system-out/>
  <testcase classname="Test.Day1" name="Demo" time="0.004"/>
  <system-out/>
  <testcase classname="Test.Day1" name="Datareq" time="0.003"/>
  <system-out/>
  <testcase classname="Test.Day1" name="testcase2" time="0.010"/>
  <system-out/>
  <testcase classname="Test.Day1" name="Datareq" time="0.012"/>
  <system-out/>
</testsuite> <!-- Test.Day1 -->
