<?xml version="1.0" encoding="UTF-8"?>
<!-- Generated by org.testng.reporters.JUnitReportReporter -->
<testsuite hostname="DESKTOP-U787I06" failures="0" tests="5" name="Test.TestNGDemo" time="0.070" errors="0" timestamp="2021-04-25T21:51:03 IST" skipped="0">
  <testcase classname="Test.TestNGDemo" name="maintest1" time="0.024"/>
  <system-out/>
  <testcase classname="Test.TestNGDemo" name="maintest2" time="0.004"/>
  <system-out/>
  <testcase classname="Test.TestNGDemo" name="maintest3" time="0.018"/>
  <system-out/>
  <testcase classname="Test.TestNGDemo" name="maintest4" time="0.015"/>
  <system-out/>
  <testcase classname="Test.TestNGDemo" name="maintest5" time="0.009"/>
  <system-out/>
</testsuite> <!-- Test.TestNGDemo -->
